2016-12-08 17:35:08,046   ibmiotf.application.Client  INFO    Connected successfully: a:g5lb4t:g5lb4t
2016-12-08 17:35:59,349   ibmiotf.application.Client  INFO    Connected successfully: a:g5lb4t:g5lb4t
2016-12-08 17:40:19,874   ibmiotf.application.Client  INFO    Connected successfully: a:g5lb4t:g5lb4t
2016-12-08 17:42:02,362   ibmiotf.application.Client  INFO    Connected successfully: a:g5lb4t:g5lb4t
2016-12-08 17:42:02,372   ibmiotf.application.Client  INFO    Disconnected from the IBM Watson IoT Platform
2016-12-08 17:42:02,372   ibmiotf.application.Client  INFO    Messages published : 2, life: 0s, rate: 1/0.10s
2016-12-08 17:42:02,372   ibmiotf.application.Client  INFO    Messages received  : 0, life: 0s, rate: 1/0.00s
2016-12-08 17:42:02,373   ibmiotf.application.Client  INFO    Closed connection to the IBM Watson IoT Platform
2016-12-08 17:42:39,129   ibmiotf.application.Client  INFO    Connected successfully: a:g5lb4t:g5lb4t
2016-12-08 17:42:39,145   ibmiotf.application.Client  INFO    Disconnected from the IBM Watson IoT Platform
2016-12-08 17:42:39,146   ibmiotf.application.Client  INFO    Messages published : 2, life: 1s, rate: 1/0.69s
2016-12-08 17:42:39,146   ibmiotf.application.Client  INFO    Messages received  : 0, life: 1s, rate: 1/0.00s
2016-12-08 17:42:39,147   ibmiotf.application.Client  INFO    Closed connection to the IBM Watson IoT Platform
2016-12-08 17:43:12,172   ibmiotf.application.Client  INFO    Connected successfully: a:g5lb4t:g5lb4t
2016-12-08 17:43:12,188   ibmiotf.application.Client  INFO    Disconnected from the IBM Watson IoT Platform
2016-12-08 17:43:12,189   ibmiotf.application.Client  INFO    Messages published : 2, life: 0s, rate: 1/0.10s
2016-12-08 17:43:12,189   ibmiotf.application.Client  INFO    Messages received  : 0, life: 0s, rate: 1/0.00s
2016-12-08 17:43:12,189   ibmiotf.application.Client  INFO    Closed connection to the IBM Watson IoT Platform
2016-12-08 17:44:23,364   ibmiotf.application.Client  INFO    Connected successfully: a:g5lb4t:g5lb4t
2016-12-08 17:44:23,382   ibmiotf.application.Client  INFO    Disconnected from the IBM Watson IoT Platform
2016-12-08 17:44:23,382   ibmiotf.application.Client  INFO    Messages published : 2, life: 0s, rate: 1/0.16s
2016-12-08 17:44:23,383   ibmiotf.application.Client  INFO    Messages received  : 0, life: 0s, rate: 1/0.00s
2016-12-08 17:44:23,383   ibmiotf.application.Client  INFO    Closed connection to the IBM Watson IoT Platform
2016-12-08 22:33:00,971   ibmiotf.application.Client  INFO    Connected successfully: a:g5lb4t:g5lb4t
2016-12-08 22:33:00,978   ibmiotf.application.Client  INFO    Disconnected from the IBM Watson IoT Platform
2016-12-08 22:33:00,978   ibmiotf.application.Client  INFO    Messages published : 3, life: 0s, rate: 1/0.11s
2016-12-08 22:33:00,978   ibmiotf.application.Client  INFO    Messages received  : 0, life: 0s, rate: 1/0.00s
2016-12-08 22:33:00,979   ibmiotf.application.Client  INFO    Closed connection to the IBM Watson IoT Platform
2016-12-08 22:37:31,750   ibmiotf.application.Client  INFO    Connected successfully: a:g5lb4t:g5lb4t
2016-12-08 22:37:31,801   ibmiotf.application.Client  INFO    Disconnected from the IBM Watson IoT Platform
2016-12-08 22:37:31,801   ibmiotf.application.Client  INFO    Messages published : 3, life: 0s, rate: 1/0.12s
2016-12-08 22:37:31,801   ibmiotf.application.Client  INFO    Messages received  : 0, life: 0s, rate: 1/0.00s
2016-12-08 22:37:31,801   ibmiotf.application.Client  INFO    Closed connection to the IBM Watson IoT Platform
2016-12-08 22:39:02,320   ibmiotf.application.Client  INFO    Connected successfully: a:g5lb4t:g5lb4t
2016-12-08 22:39:02,366   ibmiotf.application.Client  INFO    Disconnected from the IBM Watson IoT Platform
2016-12-08 22:39:02,366   ibmiotf.application.Client  INFO    Messages published : 3, life: 0s, rate: 1/0.13s
2016-12-08 22:39:02,366   ibmiotf.application.Client  INFO    Messages received  : 0, life: 0s, rate: 1/0.00s
2016-12-08 22:39:02,367   ibmiotf.application.Client  INFO    Closed connection to the IBM Watson IoT Platform
2016-12-09 11:26:19,229   ibmiotf.application.Client  INFO    Connected successfully: a:g5lb4t:g5lb4t
2016-12-09 11:26:19,238   ibmiotf.application.Client  INFO    Disconnected from the IBM Watson IoT Platform
2016-12-09 11:26:19,238   ibmiotf.application.Client  INFO    Messages published : 3, life: 0s, rate: 1/0.10s
2016-12-09 11:26:19,239   ibmiotf.application.Client  INFO    Messages received  : 0, life: 0s, rate: 1/0.00s
2016-12-09 11:26:19,239   ibmiotf.application.Client  INFO    Closed connection to the IBM Watson IoT Platform
2016-12-09 11:27:28,965   ibmiotf.application.Client  INFO    Connected successfully: a:g5lb4t:g5lb4t
2016-12-09 11:27:28,970   ibmiotf.application.Client  INFO    Disconnected from the IBM Watson IoT Platform
2016-12-09 11:27:28,970   ibmiotf.application.Client  INFO    Messages published : 3, life: 0s, rate: 1/0.09s
2016-12-09 11:27:28,971   ibmiotf.application.Client  INFO    Messages received  : 0, life: 0s, rate: 1/0.00s
2016-12-09 11:27:28,971   ibmiotf.application.Client  INFO    Closed connection to the IBM Watson IoT Platform
2016-12-09 11:27:49,051   ibmiotf.application.Client  INFO    Connected successfully: a:g5lb4t:g5lb4t
2016-12-09 11:27:49,056   ibmiotf.application.Client  INFO    Disconnected from the IBM Watson IoT Platform
2016-12-09 11:27:49,056   ibmiotf.application.Client  INFO    Messages published : 3, life: 0s, rate: 1/0.08s
2016-12-09 11:27:49,056   ibmiotf.application.Client  INFO    Messages received  : 0, life: 0s, rate: 1/0.00s
2016-12-09 11:27:49,056   ibmiotf.application.Client  INFO    Closed connection to the IBM Watson IoT Platform
2016-12-09 11:32:33,743   ibmiotf.application.Client  INFO    Connected successfully: a:g5lb4t:g5lb4t
2016-12-09 11:32:33,746   ibmiotf.application.Client  INFO    Disconnected from the IBM Watson IoT Platform
2016-12-09 11:32:33,746   ibmiotf.application.Client  INFO    Messages published : 3, life: 0s, rate: 1/0.08s
2016-12-09 11:32:33,746   ibmiotf.application.Client  INFO    Messages received  : 0, life: 0s, rate: 1/0.00s
2016-12-09 11:32:33,747   ibmiotf.application.Client  INFO    Closed connection to the IBM Watson IoT Platform
2016-12-09 11:34:28,247   ibmiotf.application.Client  INFO    Connected successfully: a:g5lb4t:g5lb4t
2016-12-09 11:34:28,255   ibmiotf.application.Client  INFO    Disconnected from the IBM Watson IoT Platform
2016-12-09 11:34:28,255   ibmiotf.application.Client  INFO    Messages published : 3, life: 0s, rate: 1/0.08s
2016-12-09 11:34:28,255   ibmiotf.application.Client  INFO    Messages received  : 0, life: 0s, rate: 1/0.00s
2016-12-09 11:34:28,255   ibmiotf.application.Client  INFO    Closed connection to the IBM Watson IoT Platform
2016-12-09 13:17:15,099   ibmiotf.application.Client  INFO    Connected successfully: a:g5lb4t:g5lb4t
2016-12-09 13:17:15,107   ibmiotf.application.Client  INFO    Disconnected from the IBM Watson IoT Platform
2016-12-09 13:17:15,107   ibmiotf.application.Client  INFO    Messages published : 3, life: 0s, rate: 1/0.12s
2016-12-09 13:17:15,107   ibmiotf.application.Client  INFO    Messages received  : 0, life: 0s, rate: 1/0.00s
2016-12-09 13:17:15,107   ibmiotf.application.Client  INFO    Closed connection to the IBM Watson IoT Platform
2016-12-09 13:21:59,248   ibmiotf.application.Client  INFO    Connected successfully: a:g5lb4t:g5lb4t
2016-12-09 13:21:59,250   ibmiotf.application.Client  INFO    Disconnected from the IBM Watson IoT Platform
2016-12-09 13:21:59,250   ibmiotf.application.Client  INFO    Messages published : 3, life: 0s, rate: 1/0.08s
2016-12-09 13:21:59,250   ibmiotf.application.Client  INFO    Messages received  : 0, life: 0s, rate: 1/0.00s
2016-12-09 13:21:59,250   ibmiotf.application.Client  INFO    Closed connection to the IBM Watson IoT Platform
2016-12-09 13:23:14,302   ibmiotf.application.Client  INFO    Connected successfully: a:g5lb4t:g5lb4t
2016-12-09 13:23:14,307   ibmiotf.application.Client  INFO    Disconnected from the IBM Watson IoT Platform
2016-12-09 13:23:14,307   ibmiotf.application.Client  INFO    Messages published : 3, life: 0s, rate: 1/0.09s
2016-12-09 13:23:14,308   ibmiotf.application.Client  INFO    Messages received  : 0, life: 0s, rate: 1/0.00s
2016-12-09 13:23:14,308   ibmiotf.application.Client  INFO    Closed connection to the IBM Watson IoT Platform
2016-12-09 13:46:09,110   ibmiotf.application.Client  INFO    Connected successfully: a:g5lb4t:g5lb4t
2016-12-09 13:46:09,118   ibmiotf.application.Client  INFO    Disconnected from the IBM Watson IoT Platform
2016-12-09 13:46:09,118   ibmiotf.application.Client  INFO    Messages published : 3, life: 0s, rate: 1/0.08s
2016-12-09 13:46:09,118   ibmiotf.application.Client  INFO    Messages received  : 0, life: 0s, rate: 1/0.00s
2016-12-09 13:46:09,119   ibmiotf.application.Client  INFO    Closed connection to the IBM Watson IoT Platform
2016-12-09 13:46:24,282   ibmiotf.application.Client  INFO    Connected successfully: a:g5lb4t:g5lb4t
2016-12-09 13:46:24,290   ibmiotf.application.Client  INFO    Disconnected from the IBM Watson IoT Platform
2016-12-09 13:46:24,290   ibmiotf.application.Client  INFO    Messages published : 3, life: 0s, rate: 1/0.08s
2016-12-09 13:46:24,291   ibmiotf.application.Client  INFO    Messages received  : 0, life: 0s, rate: 1/0.00s
2016-12-09 13:46:24,291   ibmiotf.application.Client  INFO    Closed connection to the IBM Watson IoT Platform
2016-12-09 13:46:39,370   ibmiotf.application.Client  INFO    Connected successfully: a:g5lb4t:g5lb4t
2016-12-09 13:46:39,377   ibmiotf.application.Client  INFO    Disconnected from the IBM Watson IoT Platform
2016-12-09 13:46:39,377   ibmiotf.application.Client  INFO    Messages published : 3, life: 0s, rate: 1/0.08s
2016-12-09 13:46:39,377   ibmiotf.application.Client  INFO    Messages received  : 0, life: 0s, rate: 1/0.00s
2016-12-09 13:46:39,377   ibmiotf.application.Client  INFO    Closed connection to the IBM Watson IoT Platform
2016-12-09 13:47:39,526   ibmiotf.application.Client  INFO    Connected successfully: a:g5lb4t:g5lb4t
2016-12-09 13:47:39,533   ibmiotf.application.Client  INFO    Disconnected from the IBM Watson IoT Platform
2016-12-09 13:47:39,533   ibmiotf.application.Client  INFO    Messages published : 3, life: 0s, rate: 1/0.08s
2016-12-09 13:47:39,533   ibmiotf.application.Client  INFO    Messages received  : 0, life: 0s, rate: 1/0.00s
2016-12-09 13:47:39,534   ibmiotf.application.Client  INFO    Closed connection to the IBM Watson IoT Platform
2016-12-09 14:11:40,318   ibmiotf.application.Client  INFO    Connected successfully: a:g5lb4t:g5lb4t
2016-12-09 14:11:40,320   ibmiotf.application.Client  INFO    Disconnected from the IBM Watson IoT Platform
2016-12-09 14:11:40,321   ibmiotf.application.Client  INFO    Messages published : 3, life: 0s, rate: 1/0.08s
2016-12-09 14:11:40,321   ibmiotf.application.Client  INFO    Messages received  : 0, life: 0s, rate: 1/0.00s
2016-12-09 14:11:40,321   ibmiotf.application.Client  INFO    Closed connection to the IBM Watson IoT Platform
2016-12-09 14:12:26,712   ibmiotf.application.Client  INFO    Connected successfully: a:g5lb4t:g5lb4t
2016-12-09 14:12:26,719   ibmiotf.application.Client  INFO    Disconnected from the IBM Watson IoT Platform
2016-12-09 14:12:26,719   ibmiotf.application.Client  INFO    Messages published : 3, life: 0s, rate: 1/0.08s
2016-12-09 14:12:26,720   ibmiotf.application.Client  INFO    Messages received  : 0, life: 0s, rate: 1/0.00s
2016-12-09 14:12:26,720   ibmiotf.application.Client  INFO    Closed connection to the IBM Watson IoT Platform
2016-12-09 14:17:31,759   ibmiotf.application.Client  INFO    Connected successfully: a:g5lb4t:g5lb4t
2016-12-09 14:17:31,768   ibmiotf.application.Client  INFO    Disconnected from the IBM Watson IoT Platform
2016-12-09 14:17:31,768   ibmiotf.application.Client  INFO    Messages published : 3, life: 0s, rate: 1/0.08s
2016-12-09 14:17:31,769   ibmiotf.application.Client  INFO    Messages received  : 0, life: 0s, rate: 1/0.00s
2016-12-09 14:17:31,769   ibmiotf.application.Client  INFO    Closed connection to the IBM Watson IoT Platform
2016-12-09 21:27:41,723   ibmiotf.application.Client  INFO    Connected successfully: a:g5lb4t:g5lb4t
2016-12-09 21:27:41,727   ibmiotf.application.Client  INFO    Disconnected from the IBM Watson IoT Platform
2016-12-09 21:27:41,727   ibmiotf.application.Client  INFO    Messages published : 3, life: 0s, rate: 1/0.08s
2016-12-09 21:27:41,727   ibmiotf.application.Client  INFO    Messages received  : 0, life: 0s, rate: 1/0.00s
2016-12-09 21:27:41,728   ibmiotf.application.Client  INFO    Closed connection to the IBM Watson IoT Platform
2016-12-09 21:39:24,835   ibmiotf.application.Client  INFO    Connected successfully: a:g5lb4t:g5lb4t
2016-12-09 21:39:24,841   ibmiotf.application.Client  INFO    Disconnected from the IBM Watson IoT Platform
2016-12-09 21:39:24,841   ibmiotf.application.Client  INFO    Messages published : 3, life: 0s, rate: 1/0.09s
2016-12-09 21:39:24,841   ibmiotf.application.Client  INFO    Messages received  : 0, life: 0s, rate: 1/0.00s
2016-12-09 21:39:24,842   ibmiotf.application.Client  INFO    Closed connection to the IBM Watson IoT Platform
2016-12-09 21:40:07,860   ibmiotf.application.Client  INFO    Connected successfully: a:g5lb4t:g5lb4t
2016-12-09 21:40:07,868   ibmiotf.application.Client  INFO    Disconnected from the IBM Watson IoT Platform
2016-12-09 21:40:07,868   ibmiotf.application.Client  INFO    Messages published : 3, life: 0s, rate: 1/0.08s
2016-12-09 21:40:07,869   ibmiotf.application.Client  INFO    Messages received  : 0, life: 0s, rate: 1/0.00s
2016-12-09 21:40:07,869   ibmiotf.application.Client  INFO    Closed connection to the IBM Watson IoT Platform
2016-12-09 21:40:16,779   ibmiotf.application.Client  INFO    Connected successfully: a:g5lb4t:g5lb4t
2016-12-09 21:40:16,784   ibmiotf.application.Client  INFO    Disconnected from the IBM Watson IoT Platform
2016-12-09 21:40:16,784   ibmiotf.application.Client  INFO    Messages published : 3, life: 0s, rate: 1/0.09s
2016-12-09 21:40:16,785   ibmiotf.application.Client  INFO    Messages received  : 0, life: 0s, rate: 1/0.00s
2016-12-09 21:40:16,785   ibmiotf.application.Client  INFO    Closed connection to the IBM Watson IoT Platform
2016-12-09 21:40:28,242   ibmiotf.application.Client  INFO    Connected successfully: a:g5lb4t:g5lb4t
2016-12-09 21:40:28,244   ibmiotf.application.Client  INFO    Disconnected from the IBM Watson IoT Platform
2016-12-09 21:40:28,245   ibmiotf.application.Client  INFO    Messages published : 3, life: 0s, rate: 1/0.08s
2016-12-09 21:40:28,245   ibmiotf.application.Client  INFO    Messages received  : 0, life: 0s, rate: 1/0.00s
2016-12-09 21:40:28,245   ibmiotf.application.Client  INFO    Closed connection to the IBM Watson IoT Platform
2016-12-09 21:41:31,788   ibmiotf.application.Client  INFO    Connected successfully: a:g5lb4t:g5lb4t
2016-12-09 21:41:31,798   ibmiotf.application.Client  INFO    Disconnected from the IBM Watson IoT Platform
2016-12-09 21:41:31,798   ibmiotf.application.Client  INFO    Messages published : 3, life: 0s, rate: 1/0.08s
2016-12-09 21:41:31,798   ibmiotf.application.Client  INFO    Messages received  : 0, life: 0s, rate: 1/0.00s
2016-12-09 21:41:31,798   ibmiotf.application.Client  INFO    Closed connection to the IBM Watson IoT Platform
2016-12-09 21:41:47,459   ibmiotf.application.Client  INFO    Connected successfully: a:g5lb4t:g5lb4t
2016-12-09 21:41:47,465   ibmiotf.application.Client  INFO    Disconnected from the IBM Watson IoT Platform
2016-12-09 21:41:47,465   ibmiotf.application.Client  INFO    Messages published : 3, life: 0s, rate: 1/0.08s
2016-12-09 21:41:47,465   ibmiotf.application.Client  INFO    Messages received  : 0, life: 0s, rate: 1/0.00s
2016-12-09 21:41:47,465   ibmiotf.application.Client  INFO    Closed connection to the IBM Watson IoT Platform
2016-12-09 21:44:06,674   ibmiotf.application.Client  INFO    Connected successfully: a:g5lb4t:g5lb4t
2016-12-09 21:44:06,680   ibmiotf.application.Client  INFO    Disconnected from the IBM Watson IoT Platform
2016-12-09 21:44:06,680   ibmiotf.application.Client  INFO    Messages published : 3, life: 0s, rate: 1/0.08s
2016-12-09 21:44:06,681   ibmiotf.application.Client  INFO    Messages received  : 0, life: 0s, rate: 1/0.00s
2016-12-09 21:44:06,681   ibmiotf.application.Client  INFO    Closed connection to the IBM Watson IoT Platform
2016-12-09 21:44:38,081   ibmiotf.application.Client  INFO    Connected successfully: a:g5lb4t:g5lb4t
2016-12-09 21:44:38,087   ibmiotf.application.Client  INFO    Disconnected from the IBM Watson IoT Platform
2016-12-09 21:44:38,088   ibmiotf.application.Client  INFO    Messages published : 3, life: 0s, rate: 1/0.08s
2016-12-09 21:44:38,088   ibmiotf.application.Client  INFO    Messages received  : 0, life: 0s, rate: 1/0.00s
2016-12-09 21:44:38,088   ibmiotf.application.Client  INFO    Closed connection to the IBM Watson IoT Platform
2016-12-09 21:52:49,570   ibmiotf.application.Client  INFO    Connected successfully: a:g5lb4t:g5lb4t
2016-12-09 21:52:49,576   ibmiotf.application.Client  INFO    Disconnected from the IBM Watson IoT Platform
2016-12-09 21:52:49,577   ibmiotf.application.Client  INFO    Messages published : 3, life: 0s, rate: 1/0.08s
2016-12-09 21:52:49,577   ibmiotf.application.Client  INFO    Messages received  : 0, life: 0s, rate: 1/0.00s
2016-12-09 21:52:49,577   ibmiotf.application.Client  INFO    Closed connection to the IBM Watson IoT Platform
2016-12-09 21:53:35,128   ibmiotf.application.Client  INFO    Connected successfully: a:g5lb4t:g5lb4t
2016-12-09 21:53:35,134   ibmiotf.application.Client  INFO    Disconnected from the IBM Watson IoT Platform
2016-12-09 21:53:35,135   ibmiotf.application.Client  INFO    Messages published : 3, life: 0s, rate: 1/0.09s
2016-12-09 21:53:35,135   ibmiotf.application.Client  INFO    Messages received  : 0, life: 0s, rate: 1/0.00s
2016-12-09 21:53:35,135   ibmiotf.application.Client  INFO    Closed connection to the IBM Watson IoT Platform
2016-12-09 21:54:09,500   ibmiotf.application.Client  INFO    Connected successfully: a:g5lb4t:g5lb4t
2016-12-09 21:54:09,504   ibmiotf.application.Client  INFO    Disconnected from the IBM Watson IoT Platform
2016-12-09 21:54:09,505   ibmiotf.application.Client  INFO    Messages published : 3, life: 0s, rate: 1/0.08s
2016-12-09 21:54:09,505   ibmiotf.application.Client  INFO    Messages received  : 0, life: 0s, rate: 1/0.00s
2016-12-09 21:54:09,506   ibmiotf.application.Client  INFO    Closed connection to the IBM Watson IoT Platform
2016-12-09 21:54:45,798   ibmiotf.application.Client  INFO    Connected successfully: a:g5lb4t:g5lb4t
2016-12-09 21:54:45,848   ibmiotf.application.Client  INFO    Disconnected from the IBM Watson IoT Platform
2016-12-09 21:54:45,848   ibmiotf.application.Client  INFO    Messages published : 3, life: 0s, rate: 1/0.09s
2016-12-09 21:54:45,849   ibmiotf.application.Client  INFO    Messages received  : 0, life: 0s, rate: 1/0.00s
2016-12-09 21:54:45,850   ibmiotf.application.Client  INFO    Closed connection to the IBM Watson IoT Platform
2016-12-09 21:54:58,679   ibmiotf.application.Client  INFO    Connected successfully: a:g5lb4t:g5lb4t
2016-12-09 21:54:58,688   ibmiotf.application.Client  INFO    Disconnected from the IBM Watson IoT Platform
2016-12-09 21:54:58,688   ibmiotf.application.Client  INFO    Messages published : 3, life: 0s, rate: 1/0.08s
2016-12-09 21:54:58,688   ibmiotf.application.Client  INFO    Messages received  : 0, life: 0s, rate: 1/0.00s
2016-12-09 21:54:58,688   ibmiotf.application.Client  INFO    Closed connection to the IBM Watson IoT Platform
2016-12-09 22:18:15,966   ibmiotf.application.Client  INFO    Connected successfully: a:g5lb4t:g5lb4t
2016-12-09 22:18:15,970   ibmiotf.application.Client  INFO    Disconnected from the IBM Watson IoT Platform
2016-12-09 22:18:15,970   ibmiotf.application.Client  INFO    Messages published : 3, life: 0s, rate: 1/0.08s
2016-12-09 22:18:15,970   ibmiotf.application.Client  INFO    Messages received  : 0, life: 0s, rate: 1/0.00s
2016-12-09 22:18:15,971   ibmiotf.application.Client  INFO    Closed connection to the IBM Watson IoT Platform
2016-12-09 22:19:14,056   ibmiotf.application.Client  INFO    Connected successfully: a:g5lb4t:g5lb4t
2016-12-09 22:19:14,061   ibmiotf.application.Client  INFO    Disconnected from the IBM Watson IoT Platform
2016-12-09 22:19:14,061   ibmiotf.application.Client  INFO    Messages published : 3, life: 0s, rate: 1/0.08s
2016-12-09 22:19:14,062   ibmiotf.application.Client  INFO    Messages received  : 0, life: 0s, rate: 1/0.00s
2016-12-09 22:19:14,062   ibmiotf.application.Client  INFO    Closed connection to the IBM Watson IoT Platform
2016-12-09 22:20:04,390   ibmiotf.application.Client  INFO    Connected successfully: a:g5lb4t:g5lb4t
2016-12-09 22:20:04,396   ibmiotf.application.Client  INFO    Disconnected from the IBM Watson IoT Platform
2016-12-09 22:20:04,396   ibmiotf.application.Client  INFO    Messages published : 3, life: 0s, rate: 1/0.08s
2016-12-09 22:20:04,396   ibmiotf.application.Client  INFO    Messages received  : 0, life: 0s, rate: 1/0.00s
2016-12-09 22:20:04,397   ibmiotf.application.Client  INFO    Closed connection to the IBM Watson IoT Platform
2016-12-09 22:20:50,709   ibmiotf.application.Client  INFO    Connected successfully: a:g5lb4t:g5lb4t
2016-12-09 22:20:50,717   ibmiotf.application.Client  INFO    Disconnected from the IBM Watson IoT Platform
2016-12-09 22:20:50,718   ibmiotf.application.Client  INFO    Messages published : 3, life: 0s, rate: 1/0.08s
2016-12-09 22:20:50,718   ibmiotf.application.Client  INFO    Messages received  : 0, life: 0s, rate: 1/0.00s
2016-12-09 22:20:50,718   ibmiotf.application.Client  INFO    Closed connection to the IBM Watson IoT Platform
2016-12-09 22:21:01,951   ibmiotf.application.Client  INFO    Connected successfully: a:g5lb4t:g5lb4t
2016-12-09 22:21:01,958   ibmiotf.application.Client  INFO    Disconnected from the IBM Watson IoT Platform
2016-12-09 22:21:01,958   ibmiotf.application.Client  INFO    Messages published : 3, life: 0s, rate: 1/0.08s
2016-12-09 22:21:01,958   ibmiotf.application.Client  INFO    Messages received  : 0, life: 0s, rate: 1/0.00s
2016-12-09 22:21:01,959   ibmiotf.application.Client  INFO    Closed connection to the IBM Watson IoT Platform
2016-12-09 22:35:03,214   ibmiotf.application.Client  INFO    Connected successfully: a:g5lb4t:g5lb4t
2016-12-09 22:35:03,259   ibmiotf.application.Client  INFO    Disconnected from the IBM Watson IoT Platform
2016-12-09 22:35:03,259   ibmiotf.application.Client  INFO    Messages published : 3, life: 0s, rate: 1/0.11s
2016-12-09 22:35:03,259   ibmiotf.application.Client  INFO    Messages received  : 0, life: 0s, rate: 1/0.00s
2016-12-09 22:35:03,260   ibmiotf.application.Client  INFO    Closed connection to the IBM Watson IoT Platform
2016-12-09 22:37:59,562   ibmiotf.application.Client  INFO    Connected successfully: a:g5lb4t:g5lb4t
2016-12-09 22:37:59,568   ibmiotf.application.Client  INFO    Disconnected from the IBM Watson IoT Platform
2016-12-09 22:37:59,569   ibmiotf.application.Client  INFO    Messages published : 3, life: 1s, rate: 1/0.21s
2016-12-09 22:37:59,569   ibmiotf.application.Client  INFO    Messages received  : 0, life: 1s, rate: 1/0.00s
2016-12-09 22:37:59,569   ibmiotf.application.Client  INFO    Closed connection to the IBM Watson IoT Platform
2016-12-09 22:38:29,472   ibmiotf.application.Client  INFO    Connected successfully: a:g5lb4t:g5lb4t
2016-12-09 22:38:29,501   ibmiotf.application.Client  INFO    Disconnected from the IBM Watson IoT Platform
2016-12-09 22:38:29,501   ibmiotf.application.Client  INFO    Messages published : 3, life: 0s, rate: 1/0.14s
2016-12-09 22:38:29,501   ibmiotf.application.Client  INFO    Messages received  : 0, life: 0s, rate: 1/0.00s
2016-12-09 22:38:29,502   ibmiotf.application.Client  INFO    Closed connection to the IBM Watson IoT Platform
2016-12-11 20:12:15,306   ibmiotf.application.Client  INFO    Connected successfully: a:g5lb4t:g5lb4t
2016-12-11 20:13:05,472   ibmiotf.application.Client  INFO    Connected successfully: a:g5lb4t:g5lb4t
2016-12-11 20:13:05,475   ibmiotf.application.Client  INFO    Disconnected from the IBM Watson IoT Platform
2016-12-11 20:13:05,475   ibmiotf.application.Client  INFO    Messages published : 3, life: 0s, rate: 1/0.12s
2016-12-11 20:13:05,475   ibmiotf.application.Client  INFO    Messages received  : 0, life: 0s, rate: 1/0.00s
2016-12-11 20:13:05,476   ibmiotf.application.Client  INFO    Closed connection to the IBM Watson IoT Platform
2016-12-11 20:15:54,113   ibmiotf.application.Client  INFO    Connected successfully: a:g5lb4t:g5lb4t
2016-12-11 20:15:54,125   ibmiotf.application.Client  INFO    Disconnected from the IBM Watson IoT Platform
2016-12-11 20:15:54,125   ibmiotf.application.Client  INFO    Messages published : 3, life: 1s, rate: 1/0.27s
2016-12-11 20:15:54,125   ibmiotf.application.Client  INFO    Messages received  : 0, life: 1s, rate: 1/0.00s
2016-12-11 20:15:54,126   ibmiotf.application.Client  INFO    Closed connection to the IBM Watson IoT Platform
2016-12-11 20:16:30,435   ibmiotf.application.Client  INFO    Connected successfully: a:g5lb4t:g5lb4t
2016-12-11 20:16:30,468   ibmiotf.application.Client  INFO    Disconnected from the IBM Watson IoT Platform
2016-12-11 20:16:30,469   ibmiotf.application.Client  INFO    Messages published : 3, life: 1s, rate: 1/0.32s
2016-12-11 20:16:30,469   ibmiotf.application.Client  INFO    Messages received  : 0, life: 1s, rate: 1/0.00s
2016-12-11 20:16:30,469   ibmiotf.application.Client  INFO    Closed connection to the IBM Watson IoT Platform
2016-12-11 20:17:55,853   ibmiotf.application.Client  INFO    Connected successfully: a:g5lb4t:g5lb4t
2016-12-11 20:17:55,879   ibmiotf.application.Client  INFO    Disconnected from the IBM Watson IoT Platform
2016-12-11 20:17:55,879   ibmiotf.application.Client  INFO    Messages published : 3, life: 0s, rate: 1/0.16s
2016-12-11 20:17:55,880   ibmiotf.application.Client  INFO    Messages received  : 0, life: 0s, rate: 1/0.00s
2016-12-11 20:17:55,880   ibmiotf.application.Client  INFO    Closed connection to the IBM Watson IoT Platform
2016-12-11 20:30:46,440   ibmiotf.application.Client  INFO    Connected successfully: a:g5lb4t:g5lb4t
2016-12-11 20:30:46,480   ibmiotf.application.Client  INFO    Disconnected from the IBM Watson IoT Platform
2016-12-11 20:30:46,480   ibmiotf.application.Client  INFO    Messages published : 3, life: 0s, rate: 1/0.14s
2016-12-11 20:30:46,480   ibmiotf.application.Client  INFO    Messages received  : 0, life: 0s, rate: 1/0.00s
2016-12-11 20:30:46,480   ibmiotf.application.Client  INFO    Closed connection to the IBM Watson IoT Platform
2016-12-11 20:32:47,796   ibmiotf.application.Client  INFO    Connected successfully: a:g5lb4t:g5lb4t
2016-12-11 20:32:47,834   ibmiotf.application.Client  INFO    Disconnected from the IBM Watson IoT Platform
2016-12-11 20:32:47,835   ibmiotf.application.Client  INFO    Messages published : 3, life: 0s, rate: 1/0.11s
2016-12-11 20:32:47,835   ibmiotf.application.Client  INFO    Messages received  : 0, life: 0s, rate: 1/0.00s
2016-12-11 20:32:47,836   ibmiotf.application.Client  INFO    Closed connection to the IBM Watson IoT Platform
2016-12-11 20:34:05,257   ibmiotf.application.Client  INFO    Connected successfully: a:g5lb4t:g5lb4t
2016-12-11 20:34:05,273   ibmiotf.application.Client  INFO    Disconnected from the IBM Watson IoT Platform
2016-12-11 20:34:05,274   ibmiotf.application.Client  INFO    Messages published : 3, life: 0s, rate: 1/0.11s
2016-12-11 20:34:05,274   ibmiotf.application.Client  INFO    Messages received  : 0, life: 0s, rate: 1/0.00s
2016-12-11 20:34:05,275   ibmiotf.application.Client  INFO    Closed connection to the IBM Watson IoT Platform
2016-12-11 20:34:34,526   ibmiotf.application.Client  INFO    Connected successfully: a:g5lb4t:g5lb4t
2016-12-11 20:34:34,544   ibmiotf.application.Client  INFO    Disconnected from the IBM Watson IoT Platform
2016-12-11 20:34:34,545   ibmiotf.application.Client  INFO    Messages published : 3, life: 0s, rate: 1/0.08s
2016-12-11 20:34:34,545   ibmiotf.application.Client  INFO    Messages received  : 0, life: 0s, rate: 1/0.00s
2016-12-11 20:34:34,545   ibmiotf.application.Client  INFO    Closed connection to the IBM Watson IoT Platform
2016-12-11 20:35:05,260   ibmiotf.application.Client  INFO    Connected successfully: a:g5lb4t:g5lb4t
2016-12-11 20:35:05,277   ibmiotf.application.Client  INFO    Disconnected from the IBM Watson IoT Platform
2016-12-11 20:35:05,278   ibmiotf.application.Client  INFO    Messages published : 3, life: 0s, rate: 1/0.07s
2016-12-11 20:35:05,278   ibmiotf.application.Client  INFO    Messages received  : 0, life: 0s, rate: 1/0.00s
2016-12-11 20:35:05,278   ibmiotf.application.Client  INFO    Closed connection to the IBM Watson IoT Platform
2016-12-12 13:33:10,661   ibmiotf.application.Client  INFO    Connected successfully: a:g5lb4t:g5lb4t
2016-12-12 13:33:10,662   ibmiotf.application.Client  INFO    Disconnected from the IBM Watson IoT Platform
2016-12-12 13:33:10,663   ibmiotf.application.Client  INFO    Messages published : 3, life: 0s, rate: 1/0.12s
2016-12-12 13:33:10,663   ibmiotf.application.Client  INFO    Messages received  : 0, life: 0s, rate: 1/0.00s
2016-12-12 13:33:10,663   ibmiotf.application.Client  INFO    Closed connection to the IBM Watson IoT Platform
